- Generating browser application bundles (phase: setup)...
âœ” Browser application bundle generation complete.
âœ” Browser application bundle generation complete.
- Copying assets...
âœ” Copying assets complete.
- Generating index html...
âœ” Index html generation complete.
/Users/damian/Sample Code/plugin-explorer/apps/cordova/platforms/android/app/src/main/AndroidManifest.xml Error:
	uses-sdk:minSdkVersion 21 cannot be smaller than version 22 declared in library [:CordovaLib] /Users/damian/Sample Code/plugin-explorer/apps/cordova/platforms/android/CordovaLib/build/intermediates/merged_manifest/debug/AndroidManifest.xml as the library might be using APIs not available in 21
	Suggestion: use a compatible library with a minSdk of at most 21,
		or increase this project's minSdk version to at least 22,
		or use tools:overrideLibrary="org.apache.cordova" to force usage (may lead to runtime failures)

FAILURE: Build failed with an exception.

* What went wrong:
Execution failed for task ':app:processDebugMainManifest'.
> Manifest merger failed : uses-sdk:minSdkVersion 21 cannot be smaller than version 22 declared in library [:CordovaLib] /Users/damian/Sample Code/plugin-explorer/apps/cordova/platforms/android/CordovaLib/build/intermediates/merged_manifest/debug/AndroidManifest.xml as the library might be using APIs not available in 21
  	Suggestion: use a compatible library with a minSdk of at most 21,
  		or increase this project's minSdk version to at least 22,
  		or use tools:overrideLibrary="org.apache.cordova" to force usage (may lead to runtime failures)

* Try:
> Run with --stacktrace option to get the stack trace.
> Run with --info or --debug option to get more log output.
> Run with --scan to get full insights.

* Get more help at https://help.gradle.org

BUILD FAILED in 3s
Command failed with exit code 1: /Users/damian/Sample Code/plugin-explorer/apps/cordova/platforms/android/gradlew cdvBuildDebug -b /Users/damian/Sample Code/plugin-explorer/apps/cordova/platforms/android/build.gradle
[[40mERROR[49m] An error occurred while running subprocess cordova.
        
        cordova build android exited with exit code 1.
        
        Re-running this command with the --verbose flag may provide more information.
