âœ– Running Gradle build - failed!
[error] 
        FAILURE: Build failed with an exception.
        
        * Where:
        Build file '/Volumes/CodeDrive/Code/plugin-explorer/apps/capacitor-4/node_modules/@aparajita/capacitor-splash-screen/android/build.gradle' line: 52
        
        * What went wrong:
        A problem occurred evaluating project ':aparajita-capacitor-splash-screen'.
        > Project with path ':aparajita-capacitor-logger' could not be found in project ':aparajita-capacitor-splash-screen'.
        
        * Try:
        > Run with --stacktrace option to get the stack trace.
        > Run with --info or --debug option to get more log output.
        > Run with --scan to get full insights.
        
        * Get more help at https://help.gradle.org
        
        BUILD FAILED in 691ms
        
