- Generating browser application bundles (phase: setup)...
âœ” Browser application bundle generation complete.
âœ” Browser application bundle generation complete.
- Copying assets...
âœ” Copying assets complete.
- Generating index html...
âœ” Index html generation complete.
Note: Some input files use or override a deprecated API.
Note: Recompile with -Xlint:deprecation for details.
/Users/damian/Sample Code/plugin-explorer/apps/cordova/platforms/android/app/src/main/java/io/github/pwlin/cordova/plugins/fileopener2/FileProvider.java:28: error: package android.support.v4.content does not exist
public class FileProvider extends android.support.v4.content.FileProvider {
                                                            ^
/Users/damian/Sample Code/plugin-explorer/apps/cordova/platforms/android/app/src/main/java/io/github/pwlin/cordova/plugins/fileopener2/FileOpener2.java:119: error: cannot find symbol
						path = FileProvider.getUriForFile(context, cordova.getActivity().getPackageName() + ".fileOpener2.provider", file);
						                   ^
  symbol:   method getUriForFile(Context,String,File)
  location: class FileProvider
/Users/damian/Sample Code/plugin-explorer/apps/cordova/platforms/android/app/src/main/java/io/github/pwlin/cordova/plugins/fileopener2/FileOpener2.java:127: error: cannot find symbol
					Uri path = FileProvider.getUriForFile(context, cordova.getActivity().getPackageName() + ".fileOpener2.provider", file);
					                       ^
  symbol:   method getUriForFile(Context,String,File)
  location: class FileProvider
Note: Some input files use or override a deprecated API.
Note: Recompile with -Xlint:deprecation for details.
3 errors

FAILURE: Build failed with an exception.

* What went wrong:
Execution failed for task ':app:compileDebugJavaWithJavac'.
> Compilation failed; see the compiler error output for details.

* Try:
> Run with --stacktrace option to get the stack trace.
> Run with --info or --debug option to get more log output.
> Run with --scan to get full insights.

* Get more help at https://help.gradle.org

BUILD FAILED in 3s
Command failed with exit code 1: /Users/damian/Sample Code/plugin-explorer/apps/cordova/platforms/android/gradlew cdvBuildDebug -b /Users/damian/Sample Code/plugin-explorer/apps/cordova/platforms/android/build.gradle
[[40mERROR[49m] An error occurred while running subprocess cordova.
        
        cordova build android exited with exit code 1.
        
        Re-running this command with the --verbose flag may provide more information.
