- Generating browser application bundles (phase: setup)...
âœ” Browser application bundle generation complete.
âœ” Browser application bundle generation complete.
- Copying assets...
âœ” Copying assets complete.
- Generating index html...
âœ” Index html generation complete.

FAILURE: Build failed with an exception.

* What went wrong:
Execution failed for task ':app:mergeDebugResources'.
> Could not resolve all files for configuration ':app:debugRuntimeClasspath'.
   > Could not find com.regula.face:huawei-vision:4.1.21.
     Searched in the following locations:
       - https://dl.google.com/dl/android/maven2/com/regula/face/huawei-vision/4.1.21/huawei-vision-4.1.21.pom
       - https://repo.maven.apache.org/maven2/com/regula/face/huawei-vision/4.1.21/huawei-vision-4.1.21.pom
       - https://developer.huawei.com/repo/com/regula/face/huawei-vision/4.1.21/huawei-vision-4.1.21.pom
     Required by:
         project :app

* Try:
> Run with --stacktrace option to get the stack trace.
> Run with --info or --debug option to get more log output.
> Run with --scan to get full insights.

* Get more help at https://help.gradle.org

BUILD FAILED in 4s
Command failed with exit code 1: /Users/damian/Sample Code/plugin-explorer/apps/cordova/platforms/android/gradlew cdvBuildDebug -b /Users/damian/Sample Code/plugin-explorer/apps/cordova/platforms/android/build.gradle
[[40mERROR[49m] An error occurred while running subprocess cordova.
        
        cordova build android exited with exit code 1.
        
        Re-running this command with the --verbose flag may provide more information.
