âœ– Running Gradle build - failed!
[error] 
        > Configure project :app
        WARNING:Using flatDir should be avoided because it doesn't support any meta-data formats.
        
        FAILURE: Build failed with an exception.
        
        * Where:
        Script '/Users/damiantarnawsky/Code/plugin-explorer/apps/capacitor-5/node_modules/barcodescanner/src/android/build.gradle' line: 24
        
        * What went wrong:
        Could not compile script '/Users/damiantarnawsky/Code/plugin-explorer/apps/capacitor-5/node_modules/barcodescanner/src/android/build.gradle'.
        > startup failed:
        script '/Users/damiantarnawsky/Code/plugin-explorer/apps/capacitor-5/node_modules/barcodescanner/src/android/build.gradle': 24: Unexpected input: '{' @ line 24, column 9.
        android {
        ^
        
        1 error
        
        
        * Try:
        > Run with --stacktrace option to get the stack trace.
        > Run with --info or --debug option to get more log output.
        > Run with --scan to get full insights.
        
        * Get more help at https://help.gradle.org
        
        BUILD FAILED in 846ms
        
