- Generating browser application bundles (phase: setup)...
âœ” Browser application bundle generation complete.
âœ” Browser application bundle generation complete.
- Copying assets...
âœ” Copying assets complete.
- Generating index html...
âœ” Index html generation complete.
** BUILD FAILED **


The following build commands failed:
	PhaseScriptExecution [CP]\ Copy\ Pods\ Resources /Users/damian/Library/Developer/Xcode/DerivedData/cs-cord-11-azbaquzbjceutpfcmucbnnhdqfbq/Build/Intermediates.noindex/cs-cord-11.build/Debug-iphonesimulator/cs-cord-11.build/Script-304B02435263E45AB39B6451.sh (in target 'cs-cord-11' from project 'cs-cord-11')
(1 failure)
xcodebuild: Command failed with exit code 65
[[40mERROR[49m] An error occurred while running subprocess cordova.
        
        cordova build ios exited with exit code 65.
        
        Re-running this command with the --verbose flag may provide more information.
