- Generating browser application bundles (phase: setup)...
âœ” Browser application bundle generation complete.
âœ” Browser application bundle generation complete.
- Copying assets...
âœ” Copying assets complete.
- Generating index html...
âœ” Index html generation complete.

FAILURE: Build completed with 2 failures.

1: Task failed with an exception.
-----------
* Where:
Script '/Users/damian/Sample Code/plugin-explorer/apps/cordova/platforms/android/cordova-plugin-qr-barcode-scanner/starter-barcodescanner.gradle' line: 9

* What went wrong:
A problem occurred evaluating script.
> Could not find method compile() for arguments [{name=barcodescanner-release-2.1.5, ext=aar}] on object of type org.gradle.api.internal.artifacts.dsl.dependencies.DefaultDependencyHandler.

* Try:
> Run with --stacktrace option to get the stack trace.
> Run with --info or --debug option to get more log output.
> Run with --scan to get full insights.
==============================================================================

2: Task failed with an exception.
-----------
* What went wrong:
A problem occurred configuring project ':app'.
> compileSdkVersion is not specified. Please add it to build.gradle

* Try:
> Run with --stacktrace option to get the stack trace.
> Run with --info or --debug option to get more log output.
> Run with --scan to get full insights.
==============================================================================

* Get more help at https://help.gradle.org

BUILD FAILED in 986ms
Command failed with exit code 1: /Users/damian/Sample Code/plugin-explorer/apps/cordova/platforms/android/gradlew cdvBuildDebug -b /Users/damian/Sample Code/plugin-explorer/apps/cordova/platforms/android/build.gradle
[[40mERROR[49m] An error occurred while running subprocess cordova.
        
        cordova build android exited with exit code 1.
        
        Re-running this command with the --verbose flag may provide more information.
