âœ– Running Gradle build - failed!
[error] 
        > Configure project :app
        Adding classpath: com.google.firebase:firebase-crashlytics-gradle:2.9.1
        WARNING:Using flatDir should be avoided because it doesn't support any meta-data formats.
        
        > Configure project :capacitor-cordova-android-plugins
        Adding classpath: com.google.firebase:firebase-crashlytics-gradle:2.9.1
        WARNING:Using flatDir should be avoided because it doesn't support any meta-data formats.
        
        FAILURE: Build failed with an exception.
        
        * Where:
        Script '/Users/damiantarnawsky/Code/plugin-explorer/apps/capacitor-4/node_modules/cordova-plugin-firebase-crash/src/android/build.gradle' line: 15
        
        * What went wrong:
        A problem occurred evaluating script.
        > No signature of method: build_1q1s47ir4cgwup26xgbxvmh0t.android() is applicable for argument types: (build_1q1s47ir4cgwup26xgbxvmh0t$_run_closure1) values: [build_1q1s47ir4cgwup26xgbxvmh0t$_run_closure1@6b566b90]
        
        * Try:
        > Run with --stacktrace option to get the stack trace.
        > Run with --info or --debug option to get more log output.
        > Run with --scan to get full insights.
        
        * Get more help at https://help.gradle.org
        
        BUILD FAILED in 4s
        
