âœ– Running Gradle build - failed!
[error] 
        > Configure project :app
        WARNING:Using flatDir should be avoided because it doesn't support any meta-data formats.
        
        FAILURE: Build failed with an exception.
        
        * Where:
        Script '/Users/damiantarnawsky/Code/plugin-explorer/apps/capacitor-5/node_modules/cordova-safe/src/android/conceal.gradle' line: 6
        
        * What went wrong:
        A problem occurred evaluating script.
        > Could not find method compile() for arguments [com.facebook.conceal:conceal:1.0.0@aar, conceal_dtkhg8y8k7bourssod2312un4$_run_closure2$_closure4@127ec478] on object of type org.gradle.api.internal.artifacts.dsl.dependencies.DefaultDependencyHandler.
        
        * Try:
        > Run with --stacktrace option to get the stack trace.
        > Run with --info or --debug option to get more log output.
        > Run with --scan to get full insights.
        
        * Get more help at https://help.gradle.org
        
        BUILD FAILED in 800ms
        
