- Generating browser application bundles (phase: setup)...
âœ” Browser application bundle generation complete.
âœ” Browser application bundle generation complete.
- Copying assets...
âœ” Copying assets complete.
- Generating index html...
âœ” Index html generation complete.
Note: Some input files use or override a deprecated API.
Note: Recompile with -Xlint:deprecation for details.

FAILURE: Build failed with an exception.

* What went wrong:
Execution failed for task ':app:processDebugResources'.
> A failure occurred while executing com.android.build.gradle.internal.res.LinkApplicationAndroidResourcesTask$TaskAction
   > Android resource linking failed
     /Users/damian/Sample Code/plugin-explorer/apps/cordova/platforms/android/app/build/intermediates/packaged_manifests/debug/AndroidManifest.xml:25: error: unexpected element <provider> found in <manifest>.


* Try:
> Run with --stacktrace option to get the stack trace.
> Run with --info or --debug option to get more log output.
> Run with --scan to get full insights.

* Get more help at https://help.gradle.org

BUILD FAILED in 4s
Command failed with exit code 1: /Users/damian/Sample Code/plugin-explorer/apps/cordova/platforms/android/gradlew cdvBuildDebug -b /Users/damian/Sample Code/plugin-explorer/apps/cordova/platforms/android/build.gradle
[[40mERROR[49m] An error occurred while running subprocess cordova.
        
        cordova build android exited with exit code 1.
        
        Re-running this command with the --verbose flag may provide more information.
