- Generating browser application bundles (phase: setup)...
âœ” Browser application bundle generation complete.
âœ” Browser application bundle generation complete.
- Copying assets...
âœ” Copying assets complete.
- Generating index html...
âœ” Index html generation complete.

FAILURE: Build failed with an exception.

* What went wrong:
Execution failed for task ':app:mergeDebugResources'.
> Could not resolve all files for configuration ':app:debugRuntimeClasspath'.
   > Could not resolve com.smartlook.android:smartlook-analytics:2.2.0.
     Required by:
         project :app
      > Could not resolve com.smartlook.android:smartlook-analytics:2.2.0.
         > Could not get resource 'https://sdk.smartlook.com/android/release/com/smartlook/android/smartlook-analytics/2.2.0/smartlook-analytics-2.2.0.pom'.
            > Could not GET 'https://sdk.smartlook.com/android/release/com/smartlook/android/smartlook-analytics/2.2.0/smartlook-analytics-2.2.0.pom'.
               > Connect to sdk.smartlook.com:443 [sdk.smartlook.com/0.0.0.0, sdk.smartlook.com/0:0:0:0:0:0:0:0] failed: Connection refused (Connection refused)

* Try:
> Run with --stacktrace option to get the stack trace.
> Run with --info or --debug option to get more log output.
> Run with --scan to get full insights.

* Get more help at https://help.gradle.org

BUILD FAILED in 5s
Command failed with exit code 1: /Users/damian/Sample Code/plugin-explorer/apps/cordova/platforms/android/gradlew cdvBuildDebug -b /Users/damian/Sample Code/plugin-explorer/apps/cordova/platforms/android/build.gradle
[[40mERROR[49m] An error occurred while running subprocess cordova.
        
        cordova build android exited with exit code 1.
        
        Re-running this command with the --verbose flag may provide more information.
