âœ– Running Gradle build - failed!
[error] 
        FAILURE: Build failed with an exception.
        
        * Where:
        Script '/Users/damiantarnawsky/Code/plugin-explorer/apps/capacitor-3/node_modules/cordova-plugin-hms-analytics/src/android/hms-analytics.gradle' line: 1
        
        * What went wrong:
        A problem occurred evaluating script.
        > Plugin with id 'com.huawei.agconnect' not found.
        
        * Try:
        Run with --stacktrace option to get the stack trace. Run with --info or --debug option to get more log output. Run with --scan to get full insights.
        
        * Get more help at https://help.gradle.org
        
        Deprecated Gradle features were used in this build, making it incompatible with Gradle 8.0.
        Use '--warning-mode all' to show the individual deprecation warnings.
        
        BUILD FAILED in 835msSee https://docs.gradle.org/7.0/userguide/command_line_interface.html#sec:command_line_warnings
        
        
