- Generating browser application bundles (phase: setup)...
âœ” Browser application bundle generation complete.
âœ” Browser application bundle generation complete.
- Copying assets...
âœ” Copying assets complete.
- Generating index html...
âœ” Index html generation complete.
Note: Some input files use or override a deprecated API.
Note: Recompile with -Xlint:deprecation for details.
/Users/damian/Sample Code/plugin-explorer/apps/cordova/platforms/android/app/src/main/java/info/protonet/imageresizer/ImageResizer.java:15: error: package org.apache.cordova.camera does not exist
import org.apache.cordova.camera.FileHelper;
                                ^
/Users/damian/Sample Code/plugin-explorer/apps/cordova/platforms/android/app/src/main/java/info/protonet/imageresizer/ImageResizer.java:161: error: cannot find symbol
            BitmapFactory.decodeStream(FileHelper.getInputStreamFromUriString(uriString, cordova), null, options);
                                       ^
  symbol:   variable FileHelper
  location: class ImageResizer
/Users/damian/Sample Code/plugin-explorer/apps/cordova/platforms/android/app/src/main/java/info/protonet/imageresizer/ImageResizer.java:168: error: cannot find symbol
            Bitmap unscaledBitmap = BitmapFactory.decodeStream(FileHelper.getInputStreamFromUriString(uriString, cordova), null, options);
                                                               ^
  symbol:   variable FileHelper
  location: class ImageResizer
Note: Some input files use or override a deprecated API.
Note: Recompile with -Xlint:deprecation for details.
3 errors

FAILURE: Build failed with an exception.

* What went wrong:
Execution failed for task ':app:compileDebugJavaWithJavac'.
> Compilation failed; see the compiler error output for details.

* Try:
> Run with --stacktrace option to get the stack trace.
> Run with --info or --debug option to get more log output.
> Run with --scan to get full insights.

* Get more help at https://help.gradle.org

BUILD FAILED in 3s
Command failed with exit code 1: /Users/damian/Sample Code/plugin-explorer/apps/cordova/platforms/android/gradlew cdvBuildDebug -b /Users/damian/Sample Code/plugin-explorer/apps/cordova/platforms/android/build.gradle
[[40mERROR[49m] An error occurred while running subprocess cordova.
        
        cordova build android exited with exit code 1.
        
        Re-running this command with the --verbose flag may provide more information.
