âœ– Running Gradle build - failed!
[error] 
        > Configure project :app
        WARNING:Using flatDir should be avoided because it doesn't support any meta-data formats.
        
        FAILURE: Build failed with an exception.
        
        * Where:
        Script '/Users/damiantarnawsky/Code/plugin-explorer/apps/capacitor-4/node_modules/cordova-plugin-kakao-sdk/src/android/kakao.gradle' line: 7
        
        * What went wrong:
        A problem occurred evaluating script.
        > Could not find method compile() for arguments [com.kakao.sdk:kakaotalk:1.16.0@aar, kakao_47rkesbvqn5f0o43sa9z185wi$_run_closure2$_closure4@2fcaa093] on object of type org.gradle.api.internal.artifacts.dsl.dependencies.DefaultDependencyHandler.
        
        * Try:
        > Run with --stacktrace option to get the stack trace.
        > Run with --info or --debug option to get more log output.
        > Run with --scan to get full insights.
        
        * Get more help at https://help.gradle.org
        
        BUILD FAILED in 1s
        
