- Generating browser application bundles (phase: setup)...
âœ” Browser application bundle generation complete.
âœ” Browser application bundle generation complete.
- Copying assets...
âœ” Copying assets complete.
- Generating index html...
âœ” Index html generation complete.
(node:63239) Warning: Accessing non-existent property 'cat' of module exports inside circular dependency
(Use `node --trace-warnings ...` to show where the warning was created)
(node:63239) Warning: Accessing non-existent property 'cd' of module exports inside circular dependency
(node:63239) Warning: Accessing non-existent property 'chmod' of module exports inside circular dependency
(node:63239) Warning: Accessing non-existent property 'cp' of module exports inside circular dependency
(node:63239) Warning: Accessing non-existent property 'dirs' of module exports inside circular dependency
(node:63239) Warning: Accessing non-existent property 'pushd' of module exports inside circular dependency
(node:63239) Warning: Accessing non-existent property 'popd' of module exports inside circular dependency
(node:63239) Warning: Accessing non-existent property 'echo' of module exports inside circular dependency
(node:63239) Warning: Accessing non-existent property 'tempdir' of module exports inside circular dependency
(node:63239) Warning: Accessing non-existent property 'pwd' of module exports inside circular dependency
(node:63239) Warning: Accessing non-existent property 'exec' of module exports inside circular dependency
(node:63239) Warning: Accessing non-existent property 'ls' of module exports inside circular dependency
(node:63239) Warning: Accessing non-existent property 'find' of module exports inside circular dependency
(node:63239) Warning: Accessing non-existent property 'grep' of module exports inside circular dependency
(node:63239) Warning: Accessing non-existent property 'head' of module exports inside circular dependency
(node:63239) Warning: Accessing non-existent property 'ln' of module exports inside circular dependency
(node:63239) Warning: Accessing non-existent property 'mkdir' of module exports inside circular dependency
(node:63239) Warning: Accessing non-existent property 'rm' of module exports inside circular dependency
(node:63239) Warning: Accessing non-existent property 'mv' of module exports inside circular dependency
(node:63239) Warning: Accessing non-existent property 'sed' of module exports inside circular dependency
(node:63239) Warning: Accessing non-existent property 'set' of module exports inside circular dependency
(node:63239) Warning: Accessing non-existent property 'sort' of module exports inside circular dependency
(node:63239) Warning: Accessing non-existent property 'tail' of module exports inside circular dependency
(node:63239) Warning: Accessing non-existent property 'test' of module exports inside circular dependency
(node:63239) Warning: Accessing non-existent property 'to' of module exports inside circular dependency
(node:63239) Warning: Accessing non-existent property 'toEnd' of module exports inside circular dependency
(node:63239) Warning: Accessing non-existent property 'touch' of module exports inside circular dependency
(node:63239) Warning: Accessing non-existent property 'uniq' of module exports inside circular dependency
(node:63239) Warning: Accessing non-existent property 'which' of module exports inside circular dependency
** BUILD FAILED **


The following build commands failed:
	Ld /Users/damian/Sample\ Code/plugin-explorer/apps/cordova/platforms/ios/build/emulator/cs-cord-11.app/cs-cord-11 normal (in target 'cs-cord-11' from project 'cs-cord-11')
(1 failure)
xcodebuild: Command failed with exit code 65
[[40mERROR[49m] An error occurred while running subprocess cordova.
        
        cordova build ios exited with exit code 65.
        
        Re-running this command with the --verbose flag may provide more information.
