âœ– Running Gradle build - failed!
[error] 
        > Configure project :app
        WARNING:Using flatDir should be avoided because it doesn't support any meta-data formats.
        
        FAILURE: Build failed with an exception.
        
        * Where:
        Script '/Users/damiantarnawsky/Code/plugin-explorer/apps/capacitor-5/node_modules/cordova-plugin-ms-adal-is-back-12/src/android/adal.gradle' line: 2
        
        * What went wrong:
        A problem occurred evaluating script.
        > Could not find method compile() for arguments [com.microsoft.aad:adal:1.16.3, adal_3o6yojc71z3dfrbo4we42v75z$_run_closure1$_closure3@42f8d0ff] on object of type org.gradle.api.internal.artifacts.dsl.dependencies.DefaultDependencyHandler.
        
        * Try:
        > Run with --stacktrace option to get the stack trace.
        > Run with --info or --debug option to get more log output.
        > Run with --scan to get full insights.
        
        * Get more help at https://help.gradle.org
        
        BUILD FAILED in 793ms
        
