- Generating browser application bundles (phase: setup)...
âœ” Browser application bundle generation complete.
âœ” Browser application bundle generation complete.
- Copying assets...
âœ” Copying assets complete.
- Generating index html...
âœ” Index html generation complete.
** BUILD FAILED **


The following build commands failed:
	SwiftCompile normal x86_64 Compiling\ MoEngagePluginConstants.swift,\ MoEngagePluginInAppDelegateHandler.swift /Users/damiantarnawsky/Code/plugin-explorer/apps/cordova/platforms/ios/Pods/MoEngagePluginBase/MoEngagePluginBase/MoEngagePluginConstants.swift /Users/damiantarnawsky/Code/plugin-explorer/apps/cordova/platforms/ios/Pods/MoEngagePluginBase/MoEngagePluginBase/MoEngagePluginInAppDelegateHandler.swift (in target 'MoEngagePluginBase' from project 'Pods')
	CompileSwift normal x86_64 /Users/damiantarnawsky/Code/plugin-explorer/apps/cordova/platforms/ios/Pods/MoEngagePluginBase/MoEngagePluginBase/MoEngagePluginConstants.swift (in target 'MoEngagePluginBase' from project 'Pods')
	CompileSwift normal x86_64 /Users/damiantarnawsky/Code/plugin-explorer/apps/cordova/platforms/ios/Pods/MoEngagePluginBase/MoEngagePluginBase/MoEngagePluginInAppDelegateHandler.swift (in target 'MoEngagePluginBase' from project 'Pods')
(3 failures)
xcodebuild: Command failed with exit code 65
[[40mERROR[49m] An error occurred while running subprocess cordova.
        
        cordova build ios exited with exit code 65.
        
        Re-running this command with the --verbose flag may provide more information.
