- Generating browser application bundles (phase: setup)...
âœ” Browser application bundle generation complete.
âœ” Browser application bundle generation complete.
- Copying assets...
âœ” Copying assets complete.
- Generating index html...
âœ” Index html generation complete.
** BUILD FAILED **


The following build commands failed:
	CompileC /Users/damian/Library/Developer/Xcode/DerivedData/cs-cord-11-azbaquzbjceutpfcmucbnnhdqfbq/Build/Intermediates.noindex/cs-cord-11.build/Debug-iphonesimulator/cs-cord-11.build/Objects-normal/arm64/CDVThemeableBrowser.o /Users/damian/Sample\ Code/plugin-explorer/apps/cordova/platforms/ios/cs-cord-11/Plugins/firefly-cordova-plugin-themeablebrowser/CDVThemeableBrowser.m normal arm64 objective-c com.apple.compilers.llvm.clang.1_0.compiler (in target 'cs-cord-11' from project 'cs-cord-11')
(1 failure)
xcodebuild: Command failed with exit code 65
[[40mERROR[49m] An error occurred while running subprocess cordova.
        
        cordova build ios exited with exit code 65.
        
        Re-running this command with the --verbose flag may provide more information.
