âœ– Running Gradle build - failed!
[error] 
        > Configure project :app
        WARNING:Using flatDir should be avoided because it doesn't support any meta-data formats.
        
        FAILURE: Build failed with an exception.
        
        * Where:
        Script '/Volumes/CodeDrive/Code/plugin-explorer/apps/capacitor-4/node_modules/cordova-plugin-qrscanner/src/android/qrscanner.gradle' line: 6
        
        * What went wrong:
        A problem occurred evaluating script.
        > Could not find method compile() for arguments [com.journeyapps:zxing-android-embedded:3.3.0] on object of type org.gradle.api.internal.artifacts.dsl.dependencies.DefaultDependencyHandler.
        
        * Try:
        > Run with --stacktrace option to get the stack trace.
        > Run with --info or --debug option to get more log output.
        > Run with --scan to get full insights.
        
        * Get more help at https://help.gradle.org
        
        BUILD FAILED in 537ms
        
        Deprecated Gradle features were used in this build, making it incompatible with Gradle 8.0.
        
        You can use '--warning-mode all' to show the individual deprecation warnings and determine if they come from your own scripts or plugins.
        
        See https://docs.gradle.org/7.4.2/userguide/command_line_interface.html#sec:command_line_warnings
        
