âœ– Building xArchive - failed!
[error] Command line invocation:
        /Applications/Xcode.app/Contents/Developer/usr/bin/xcodebuild -workspace App.xcworkspace -scheme App -destination generic/platform=iOS -archivePath App.xcarchive archive
        
        User defaults from command line:
        IDEArchivePathOverride = /Volumes/CodeDrive/Code/plugin-explorer/apps/capacitor-4/ios/App/App.xcarchive
        IDEPackageSupportUseBuiltinSCM = YES
        
        Prepare packages
        
        Computing target dependency graph and provisioning inputs
        
        Create build description
        Build description signature: a32e65c59b31d449b21911eb8ea75989
        Build description path: /Users/damian/Library/Developer/Xcode/DerivedData/App-hjjjaxsxwbdavgbvfevmcdarvnty/Build/Intermediates.noindex/ArchiveIntermediates/App/IntermediateBuildFilesPath/XCBuildData/a32e65c59b31d449b21911eb8ea75989-desc.xcbuild
        
        note: Building targets in dependency order
        warning: Run script build phase '[CP] Copy XCFrameworks' will be run during every build because it does not specify any outputs. To address this warning, either add output dependencies to the script phase, or configure it to run in every build by unchecking "Based on dependency analysis" in the script phase. (in target 'GoogleAnalytics' from project 'Pods')
        warning: Run script build phase 'Create Symlinks to Header Folders' will be run during every build because it does not specify any outputs. To address this warning, either add output dependencies to the script phase, or configure it to run in every build by unchecking "Based on dependency analysis" in the script phase. (in target 'gRPC-Core' from project 'Pods')
        warning: Run script build phase 'Create Symlinks to Header Folders' will be run during every build because it does not specify any outputs. To address this warning, either add output dependencies to the script phase, or configure it to run in every build by unchecking "Based on dependency analysis" in the script phase. (in target 'BoringSSL-GRPC' from project 'Pods')
        /Volumes/CodeDrive/Code/plugin-explorer/apps/capacitor-4/ios/App/Pods/Pods.xcodeproj: error: Signing for "GoogleSignIn-GoogleSignIn" requires a development team. Select a development team in the Signing & Capabilities editor. (in target 'GoogleSignIn-GoogleSignIn' from project 'Pods')
        warning: Run script build phase 'Create Symlinks to Header Folders' will be run during every build because it does not specify any outputs. To address this warning, either add output dependencies to the script phase, or configure it to run in every build by unchecking "Based on dependency analysis" in the script phase. (in target 'Libuv-gRPC' from project 'Pods')
        warning: Run script build phase '[CP] Embed Pods Frameworks' will be run during every build because it does not specify any outputs. To address this warning, either add output dependencies to the script phase, or configure it to run in every build by unchecking "Based on dependency analysis" in the script phase. (in target 'App' from project 'App')
        warning: Run script build phase '[CP] Copy Pods Resources' will be run during every build because it does not specify any outputs. To address this warning, either add output dependencies to the script phase, or configure it to run in every build by unchecking "Based on dependency analysis" in the script phase. (in target 'App' from project 'App')
        /Volumes/CodeDrive/Code/plugin-explorer/apps/capacitor-4/ios/App/Pods/Pods.xcodeproj: error: Signing for "gRPC-C++-gRPCCertificates-Cpp" requires a development team. Select a development team in the Signing & Capabilities editor. (in target 'gRPC-C++-gRPCCertificates-Cpp' from project 'Pods')
        warning: Run script build phase '[CP] Copy XCFrameworks' will be run during every build because it does not specify any outputs. To address this warning, either add output dependencies to the script phase, or configure it to run in every build by unchecking "Based on dependency analysis" in the script phase. (in target 'GoogleTagManager' from project 'Pods')
        warning: Run script build phase 'Create Symlinks to Header Folders' will be run during every build because it does not specify any outputs. To address this warning, either add output dependencies to the script phase, or configure it to run in every build by unchecking "Based on dependency analysis" in the script phase. (in target 'gRPC-C++' from project 'Pods')
        /Volumes/CodeDrive/Code/plugin-explorer/apps/capacitor-4/ios/App/Pods/Pods.xcodeproj: error: Signing for "FirebaseInAppMessaging-InAppMessagingDisplayResources" requires a development team. Select a development team in the Signing & Capabilities editor. (in target 'FirebaseInAppMessaging-InAppMessagingDisplayResources' from project 'Pods')
        warning: Run script build phase '[CP] Copy XCFrameworks' will be run during every build because it does not specify any outputs. To address this warning, either add output dependencies to the script phase, or configure it to run in every build by unchecking "Based on dependency analysis" in the script phase. (in target 'FirebaseAnalytics' from project 'Pods')
        warning: Run script build phase 'Create Symlinks to Header Folders' will be run during every build because it does not specify any outputs. To address this warning, either add output dependencies to the script phase, or configure it to run in every build by unchecking "Based on dependency analysis" in the script phase. (in target 'abseil' from project 'Pods')
        warning: Run script build phase '[CP] Copy XCFrameworks' will be run during every build because it does not specify any outputs. To address this warning, either add output dependencies to the script phase, or configure it to run in every build by unchecking "Based on dependency analysis" in the script phase. (in target 'GoogleAppMeasurement' from project 'Pods')
        ** ARCHIVE FAILED **
        
        
