âœ– Running Gradle build - failed!
[error] 
        > Configure project :app
        WARNING:Using flatDir should be avoided because it doesn't support any meta-data formats.
        
        FAILURE: Build failed with an exception.
        
        * Where:
        Script '/Volumes/CodeDrive/Code/plugin-explorer/apps/capacitor-4/node_modules/cordova-plugin-badge/src/android/badge.gradle' line: 28
        
        * What went wrong:
        A problem occurred evaluating script.
        > Could not find method compile() for arguments [me.leolin:ShortcutBadger:1.1.22@aar] on object of type org.gradle.api.internal.artifacts.dsl.dependencies.DefaultDependencyHandler.
        
        * Try:
        > Run with --stacktrace option to get the stack trace.
        > Run with --info or --debug option to get more log output.
        > Run with --scan to get full insights.
        
        * Get more help at https://help.gradle.org
        
        BUILD FAILED in 577ms
        
